<?xml version="1.0" encoding="UTF-8"?>
<testng-results ignored="2" total="16" passed="13" failed="1" skipped="0">
  <reporter-output>
  </reporter-output>
  <suite started-at="2025-10-11T13:13:21 IST" name="Suite" finished-at="2025-10-11T13:13:21 IST" duration-ms="146">
    <groups>
      <group name="Smoke">
        <method signature="Test2.PGood()[pri:0, instance:test.Test2@3e694b3f]" name="PGood" class="test.Test2"/>
        <method signature="Test4.PHomeGood()[pri:0, instance:test.Test4@1bb5a082]" name="PHomeGood" class="test.Test4"/>
      </group> <!-- Smoke -->
    </groups>
    <test started-at="2025-10-11T13:13:21 IST" name="CarLoan" finished-at="2025-10-11T13:13:21 IST" duration-ms="143">
      <class name="test.Test3">
        <test-method is-config="true" signature="Beforeall()[pri:0, instance:test.Test3@279fedbd]" started-at="2025-10-11T13:13:21 IST" name="Beforeall" finished-at="2025-10-11T13:13:21 IST" duration-ms="12" status="PASS">
          <reporter-output>
          </reporter-output>
        </test-method> <!-- Beforeall -->
        <test-method is-config="true" signature="Bdfroreclass()[pri:0, instance:test.Test3@279fedbd]" started-at="2025-10-11T13:13:21 IST" name="Bdfroreclass" finished-at="2025-10-11T13:13:21 IST" duration-ms="1" status="PASS">
          <reporter-output>
          </reporter-output>
        </test-method> <!-- Bdfroreclass -->
        <test-method is-config="true" signature="BeforeMethodall()[pri:0, instance:test.Test3@279fedbd]" started-at="2025-10-11T13:13:21 IST" name="BeforeMethodall" finished-at="2025-10-11T13:13:21 IST" duration-ms="0" status="PASS">
          <reporter-output>
          </reporter-output>
        </test-method> <!-- BeforeMethodall -->
        <test-method signature="MobileLoginCarLoan(java.lang.String)[pri:0, instance:test.Test3@279fedbd]" started-at="2025-10-11T13:13:21 IST" name="MobileLoginCarLoan" finished-at="2025-10-11T13:13:21 IST" duration-ms="9" status="PASS">
          <params>
            <param index="0">
              <value>
                <![CDATA[CarLoan.com]]>
              </value>
            </param>
          </params>
          <reporter-output>
          </reporter-output>
        </test-method> <!-- MobileLoginCarLoan -->
        <test-method is-config="true" signature="AfterMethodall()[pri:0, instance:test.Test3@279fedbd]" started-at="2025-10-11T13:13:21 IST" name="AfterMethodall" finished-at="2025-10-11T13:13:21 IST" duration-ms="1" status="PASS">
          <reporter-output>
          </reporter-output>
        </test-method> <!-- AfterMethodall -->
        <test-method signature="MobileSignOutCarLoan()[pri:0, instance:test.Test3@279fedbd]" started-at="2025-10-11T13:13:21 IST" name="MobileSignOutCarLoan" finished-at="2025-10-11T13:13:21 IST" duration-ms="2" status="PASS">
          <reporter-output>
          </reporter-output>
        </test-method> <!-- MobileSignOutCarLoan -->
        <test-method is-config="true" signature="BeforeMethodall()[pri:0, instance:test.Test3@279fedbd]" started-at="2025-10-11T13:13:21 IST" name="BeforeMethodall" finished-at="2025-10-11T13:13:21 IST" duration-ms="0" status="PASS">
          <reporter-output>
          </reporter-output>
        </test-method> <!-- BeforeMethodall -->
        <test-method is-config="true" signature="AfterMethodall()[pri:0, instance:test.Test3@279fedbd]" started-at="2025-10-11T13:13:21 IST" name="AfterMethodall" finished-at="2025-10-11T13:13:21 IST" duration-ms="1" status="PASS">
          <reporter-output>
          </reporter-output>
        </test-method> <!-- AfterMethodall -->
        <test-method is-config="true" signature="BeforeMethodall()[pri:0, instance:test.Test3@279fedbd]" started-at="2025-10-11T13:13:21 IST" name="BeforeMethodall" finished-at="2025-10-11T13:13:21 IST" duration-ms="0" status="PASS">
          <reporter-output>
          </reporter-output>
        </test-method> <!-- BeforeMethodall -->
        <test-method signature="MobilesignoutcarLoan(java.lang.String,java.lang.String)[pri:0, instance:test.Test3@279fedbd]" started-at="2025-10-11T13:13:21 IST" name="MobilesignoutcarLoan" data-provider="getData" finished-at="2025-10-11T13:13:21 IST" duration-ms="4" status="PASS">
          <params>
            <param index="0">
              <value>
                <![CDATA[firstsetusername]]>
              </value>
            </param>
            <param index="1">
              <value>
                <![CDATA[firstpassword]]>
              </value>
            </param>
          </params>
          <reporter-output>
          </reporter-output>
        </test-method> <!-- MobilesignoutcarLoan -->
        <test-method is-config="true" signature="AfterMethodall()[pri:0, instance:test.Test3@279fedbd]" started-at="2025-10-11T13:13:21 IST" name="AfterMethodall" finished-at="2025-10-11T13:13:21 IST" duration-ms="1" status="PASS">
          <reporter-output>
          </reporter-output>
        </test-method> <!-- AfterMethodall -->
        <test-method is-config="true" signature="BeforeMethodall()[pri:0, instance:test.Test3@279fedbd]" started-at="2025-10-11T13:13:21 IST" name="BeforeMethodall" finished-at="2025-10-11T13:13:21 IST" duration-ms="1" status="PASS">
          <reporter-output>
          </reporter-output>
        </test-method> <!-- BeforeMethodall -->
        <test-method signature="MobilesignoutcarLoan(java.lang.String,java.lang.String)[pri:0, instance:test.Test3@279fedbd]" started-at="2025-10-11T13:13:21 IST" name="MobilesignoutcarLoan" data-provider="getData" finished-at="2025-10-11T13:13:21 IST" duration-ms="4" status="PASS">
          <params>
            <param index="0">
              <value>
                <![CDATA[secondsetusername]]>
              </value>
            </param>
            <param index="1">
              <value>
                <![CDATA[secondpassword]]>
              </value>
            </param>
          </params>
          <reporter-output>
          </reporter-output>
        </test-method> <!-- MobilesignoutcarLoan -->
        <test-method is-config="true" signature="AfterMethodall()[pri:0, instance:test.Test3@279fedbd]" started-at="2025-10-11T13:13:21 IST" name="AfterMethodall" finished-at="2025-10-11T13:13:21 IST" duration-ms="1" status="PASS">
          <reporter-output>
          </reporter-output>
        </test-method> <!-- AfterMethodall -->
        <test-method is-config="true" signature="BeforeMethodall()[pri:0, instance:test.Test3@279fedbd]" started-at="2025-10-11T13:13:21 IST" name="BeforeMethodall" finished-at="2025-10-11T13:13:21 IST" duration-ms="0" status="PASS">
          <reporter-output>
          </reporter-output>
        </test-method> <!-- BeforeMethodall -->
        <test-method signature="MobilesignoutcarLoan(java.lang.String,java.lang.String)[pri:0, instance:test.Test3@279fedbd]" started-at="2025-10-11T13:13:21 IST" name="MobilesignoutcarLoan" data-provider="getData" finished-at="2025-10-11T13:13:21 IST" duration-ms="2" status="PASS">
          <params>
            <param index="0">
              <value>
                <![CDATA[thirdsetusername]]>
              </value>
            </param>
            <param index="1">
              <value>
                <![CDATA[thirdpassword]]>
              </value>
            </param>
          </params>
          <reporter-output>
          </reporter-output>
        </test-method> <!-- MobilesignoutcarLoan -->
        <test-method is-config="true" signature="AfterMethodall()[pri:0, instance:test.Test3@279fedbd]" started-at="2025-10-11T13:13:21 IST" name="AfterMethodall" finished-at="2025-10-11T13:13:21 IST" duration-ms="0" status="PASS">
          <reporter-output>
          </reporter-output>
        </test-method> <!-- AfterMethodall -->
        <test-method is-config="true" signature="BeforeMethodall()[pri:0, instance:test.Test3@279fedbd]" started-at="2025-10-11T13:13:21 IST" name="BeforeMethodall" finished-at="2025-10-11T13:13:21 IST" duration-ms="2" status="PASS">
          <reporter-output>
          </reporter-output>
        </test-method> <!-- BeforeMethodall -->
        <test-method signature="PMobileGood()[pri:0, instance:test.Test3@279fedbd]" started-at="2025-10-11T13:13:21 IST" name="PMobileGood" finished-at="2025-10-11T13:13:21 IST" duration-ms="2" status="PASS">
          <reporter-output>
          </reporter-output>
        </test-method> <!-- PMobileGood -->
        <test-method is-config="true" signature="AfterMethodall()[pri:0, instance:test.Test3@279fedbd]" started-at="2025-10-11T13:13:21 IST" name="AfterMethodall" finished-at="2025-10-11T13:13:21 IST" duration-ms="1" status="PASS">
          <reporter-output>
          </reporter-output>
        </test-method> <!-- AfterMethodall -->
        <test-method is-config="true" signature="BeforeMethodall()[pri:0, instance:test.Test3@279fedbd]" started-at="2025-10-11T13:13:21 IST" name="BeforeMethodall" finished-at="2025-10-11T13:13:21 IST" duration-ms="0" status="PASS">
          <reporter-output>
          </reporter-output>
        </test-method> <!-- BeforeMethodall -->
        <test-method signature="weLoginCarLoan()[pri:0, instance:test.Test3@279fedbd]" started-at="2025-10-11T13:13:21 IST" name="weLoginCarLoan" finished-at="2025-10-11T13:13:21 IST" duration-ms="1" status="PASS">
          <reporter-output>
          </reporter-output>
        </test-method> <!-- weLoginCarLoan -->
        <test-method is-config="true" signature="AfterMethodall()[pri:0, instance:test.Test3@279fedbd]" started-at="2025-10-11T13:13:21 IST" name="AfterMethodall" finished-at="2025-10-11T13:13:21 IST" duration-ms="1" status="PASS">
          <reporter-output>
          </reporter-output>
        </test-method> <!-- AfterMethodall -->
      </class> <!-- test.Test3 -->
      <class name="test.TestNGClass1">
        <test-method is-config="true" signature="AfterAll()[pri:0, instance:test.TestNGClass1@71d44a3]" started-at="2025-10-11T13:13:21 IST" name="AfterAll" finished-at="2025-10-11T13:13:21 IST" duration-ms="1" status="PASS">
          <reporter-output>
          </reporter-output>
        </test-method> <!-- AfterAll -->
      </class> <!-- test.TestNGClass1 -->
    </test> <!-- CarLoan -->
    <test started-at="2025-10-11T13:13:21 IST" name="Test" finished-at="2025-10-11T13:13:21 IST" duration-ms="146">
      <class name="test.Test4">
        <test-method signature="MobileLoginHomeLoan(java.lang.String,java.lang.String)[pri:0, instance:test.Test4@1bb5a082]" started-at="2025-10-11T13:13:21 IST" name="MobileLoginHomeLoan" finished-at="2025-10-11T13:13:21 IST" duration-ms="3" status="PASS">
          <params>
            <param index="0">
              <value>
                <![CDATA[Personal.com]]>
              </value>
            </param>
            <param index="1">
              <value>
                <![CDATA[123456]]>
              </value>
            </param>
          </params>
          <reporter-output>
          </reporter-output>
        </test-method> <!-- MobileLoginHomeLoan -->
        <test-method signature="PHomeGood()[pri:0, instance:test.Test4@1bb5a082]" started-at="2025-10-11T13:13:21 IST" name="PHomeGood" finished-at="2025-10-11T13:13:21 IST" duration-ms="3" status="PASS">
          <reporter-output>
          </reporter-output>
        </test-method> <!-- PHomeGood -->
        <test-method signature="weLoginHomeLoan()[pri:0, instance:test.Test4@1bb5a082]" started-at="2025-10-11T13:13:21 IST" name="weLoginHomeLoan" finished-at="2025-10-11T13:13:21 IST" duration-ms="2" status="PASS">
          <reporter-output>
          </reporter-output>
        </test-method> <!-- weLoginHomeLoan -->
      </class> <!-- test.Test4 -->
      <class name="test.Test2">
        <test-method is-config="true" signature="prerequisite()[pri:0, instance:test.Test2@3e694b3f]" started-at="2025-10-11T13:13:21 IST" name="prerequisite" finished-at="2025-10-11T13:13:21 IST" duration-ms="1" status="PASS">
          <reporter-output>
          </reporter-output>
        </test-method> <!-- prerequisite -->
        <test-method signature="Demo(java.lang.String,java.lang.String)[pri:0, instance:test.Test2@3e694b3f]" started-at="2025-10-11T13:13:21 IST" name="Demo" finished-at="2025-10-11T13:13:21 IST" duration-ms="4" status="PASS">
          <params>
            <param index="0">
              <value>
                <![CDATA[Personal.com]]>
              </value>
            </param>
            <param index="1">
              <value>
                <![CDATA[123456]]>
              </value>
            </param>
          </params>
          <reporter-output>
          </reporter-output>
        </test-method> <!-- Demo -->
        <test-method signature="PGood()[pri:0, instance:test.Test2@3e694b3f]" started-at="2025-10-11T13:13:21 IST" name="PGood" finished-at="2025-10-11T13:13:21 IST" duration-ms="2" status="PASS">
          <reporter-output>
          </reporter-output>
        </test-method> <!-- PGood -->
      </class> <!-- test.Test2 -->
      <class name="test.TestNGClass1">
        <test-method signature="Demo()[pri:0, instance:test.TestNGClass1@71d44a3]" started-at="2025-10-11T13:13:21 IST" name="Demo" finished-at="2025-10-11T13:13:21 IST" duration-ms="21" status="FAIL">
          <exception class="java.lang.AssertionError">
            <message>
              <![CDATA[expected [true] but found [false]]]>
            </message>
            <full-stacktrace>
              <![CDATA[java.lang.AssertionError: expected [true] but found [false]
at org.testng.Assert.fail(Assert.java:111)
at org.testng.Assert.failNotEquals(Assert.java:1590)
at org.testng.Assert.assertTrue(Assert.java:57)
at org.testng.Assert.assertTrue(Assert.java:67)
at test.TestNGClass1.Demo(TestNGClass1.java:20)
at java.base/jdk.internal.reflect.DirectMethodHandleAccessor.invoke(DirectMethodHandleAccessor.java:103)
at java.base/java.lang.reflect.Method.invoke(Method.java:580)
at org.testng.internal.invokers.MethodInvocationHelper.invokeMethod(MethodInvocationHelper.java:141)
at org.testng.internal.invokers.TestInvoker.invokeMethod(TestInvoker.java:687)
at org.testng.internal.invokers.TestInvoker.invokeTestMethod(TestInvoker.java:230)
at org.testng.internal.invokers.MethodRunner.runInSequence(MethodRunner.java:63)
at org.testng.internal.invokers.TestInvoker$MethodInvocationAgent.invoke(TestInvoker.java:995)
at org.testng.internal.invokers.TestInvoker.invokeTestMethods(TestInvoker.java:203)
at org.testng.internal.invokers.TestMethodWorker.invokeTestMethods(TestMethodWorker.java:154)
at org.testng.internal.invokers.TestMethodWorker.run(TestMethodWorker.java:134)
at java.base/java.util.ArrayList.forEach(ArrayList.java:1596)
at org.testng.TestRunner.privateRun(TestRunner.java:741)
at org.testng.TestRunner.run(TestRunner.java:616)
at org.testng.SuiteRunner.runTest(SuiteRunner.java:421)
at org.testng.SuiteRunner$SuiteWorker.run(SuiteRunner.java:463)
at org.testng.internal.thread.ThreadUtil.lambda$execute$0(ThreadUtil.java:64)
at java.base/java.util.concurrent.FutureTask.run(FutureTask.java:317)
at java.base/java.util.concurrent.ThreadPoolExecutor.runWorker(ThreadPoolExecutor.java:1144)
at java.base/java.util.concurrent.ThreadPoolExecutor$Worker.run(ThreadPoolExecutor.java:642)
at java.base/java.lang.Thread.run(Thread.java:1583)
]]>
            </full-stacktrace>
          </exception> <!-- java.lang.AssertionError -->
          <reporter-output>
          </reporter-output>
        </test-method> <!-- Demo -->
        <test-method signature="Demo2(java.lang.String)[pri:0, instance:test.TestNGClass1@71d44a3]" started-at="2025-10-11T13:13:21 IST" name="Demo2" finished-at="2025-10-11T13:13:21 IST" duration-ms="2" status="PASS">
          <params>
            <param index="0">
              <value>
                <![CDATA[Personal.com]]>
              </value>
            </param>
          </params>
          <reporter-output>
          </reporter-output>
        </test-method> <!-- Demo2 -->
        <test-method is-config="true" signature="lastExecuation()[pri:0, instance:test.TestNGClass1@71d44a3]" started-at="2025-10-11T13:13:21 IST" name="lastExecuation" finished-at="2025-10-11T13:13:21 IST" duration-ms="2" status="PASS">
          <reporter-output>
          </reporter-output>
        </test-method> <!-- lastExecuation -->
      </class> <!-- test.TestNGClass1 -->
    </test> <!-- Test -->
  </suite> <!-- Suite -->
</testng-results>
