<?xml version="1.0" encoding="UTF-8"?>
<!-- Generated by org.testng.reporters.JUnitReportReporter -->
<testsuite hostname="LAPTOP-2C3C0QK2" failures="0" tests="3" name="test.Test4" time="0.008" errors="0" timestamp="2025-10-11T13:13:22 IST" skipped="0">
  <testcase classname="test.Test4" name="MobileLoginHomeLoan" time="0.003"/>
  <testcase classname="test.Test4" name="weLoginHomeLoan" time="0.002"/>
  <testcase classname="test.Test4" name="PHomeGood" time="0.003"/>
</testsuite> <!-- test.Test4 -->
