<?xml version="1.0" encoding="UTF-8"?>
<!-- Generated by org.testng.reporters.JUnitReportReporter -->
<testsuite hostname="LAPTOP-2C3C0QK2" failures="0" tests="7" name="test.Test3" time="0.033" errors="0" timestamp="2025-10-11T13:13:22 IST" skipped="0">
  <testcase classname="test.Test3" name="MobileLoginCarLoan" time="0.012"/>
  <testcase classname="test.Test3" name="MobileSignOutCarLoan" time="0.003"/>
  <testcase classname="test.Test3" name="MobilesignoutcarLoan" time="0.002"/>
  <testcase classname="test.Test3" name="PMobileGood" time="0.004"/>
  <testcase classname="test.Test3" name="MobilesignoutcarLoan" time="0.005"/>
  <testcase classname="test.Test3" name="weLoginCarLoan" time="0.002"/>
  <testcase classname="test.Test3" name="MobilesignoutcarLoan" time="0.005"/>
</testsuite> <!-- test.Test3 -->
