<?xml version="1.0" encoding="UTF-8"?>
<!-- Generated by org.testng.reporters.JUnitXMLReporter -->
<testsuite ignored="1" hostname="LAPTOP-2C3C0QK2" failures="0" tests="7" name="CarLoan" time="0.143" errors="0" timestamp="2025-10-11T13:13:21 IST">
  <testcase classname="test.Test3" name="MobileLoginCarLoan" time="0.009"/>
  <testcase classname="test.Test3" name="MobileSignOutCarLoan" time="0.002"/>
  <testcase classname="test.Test3" name="MobilesignoutcarLoan" time="0.004"/>
  <testcase classname="test.Test3" name="MobilesignoutcarLoan" time="0.004"/>
  <testcase classname="test.Test3" name="MobilesignoutcarLoan" time="0.002"/>
  <testcase classname="test.Test3" name="PMobileGood" time="0.002"/>
  <testcase classname="test.Test3" name="weLoginCarLoan" time="0.001"/>
  <testcase classname="test.Test3" name="ApiLoginCarLoan" time="0.0">
    <ignored/>
  </testcase> <!-- ApiLoginCarLoan -->
</testsuite> <!-- CarLoan -->
