<?xml version="1.0" encoding="UTF-8"?>
<!-- Generated by org.testng.reporters.JUnitXMLReporter -->
<testsuite ignored="1" hostname="LAPTOP-2C3C0QK2" failures="1" tests="7" name="Test" time="0.146" errors="0" timestamp="2025-10-11T13:13:21 IST">
  <testcase classname="test.TestNGClass1" name="Demo" time="0.021">
    <failure type="java.lang.AssertionError" message="expected [true] but found [false]">
      <![CDATA[java.lang.AssertionError: expected [true] but found [false]
at test.TestNGClass1.Demo(TestNGClass1.java:20)
at java.base/java.util.ArrayList.forEach(ArrayList.java:1596)
at java.base/java.util.concurrent.FutureTask.run(FutureTask.java:317)
at java.base/java.util.concurrent.ThreadPoolExecutor.runWorker(ThreadPoolExecutor.java:1144)
at java.base/java.util.concurrent.ThreadPoolExecutor$Worker.run(ThreadPoolExecutor.java:642)
at java.base/java.lang.Thread.run(Thread.java:1583)
... Removed 19 stack frames]]>
    </failure>
  </testcase> <!-- Demo -->
  <testcase classname="test.TestNGClass1" name="Demo2" time="0.002"/>
  <testcase classname="test.Test2" name="Demo" time="0.004"/>
  <testcase classname="test.Test2" name="PGood" time="0.002"/>
  <testcase classname="test.Test4" name="MobileLoginHomeLoan" time="0.003"/>
  <testcase classname="test.Test4" name="PHomeGood" time="0.003"/>
  <testcase classname="test.Test4" name="weLoginHomeLoan" time="0.002"/>
  <testcase classname="test.Test4" name="ApiLoginHomeLoan" time="0.0">
    <ignored/>
  </testcase> <!-- ApiLoginHomeLoan -->
</testsuite> <!-- Test -->
