<?xml version="1.0" encoding="UTF-8"?>
<!-- Generated by org.testng.reporters.JUnitXMLReporter -->
<testsuite ignored="0" hostname="LAPTOP-2C3C0QK2" failures="0" tests="5" name="Default test" time="0.067" errors="0" timestamp="2025-10-10T17:20:22 IST">
  <testcase classname="test.Test3" name="ApiLoginCarLoan" time="0.005"/>
  <testcase classname="test.Test3" name="MobileLoginCarLoan" time="0.001"/>
  <testcase classname="test.Test3" name="MobileSignOutCarLoan" time="0.002"/>
  <testcase classname="test.Test3" name="MobileSigninCarLoan" time="0.003"/>
  <testcase classname="test.Test3" name="weLoginCarLoan" time="0.001"/>
</testsuite> <!-- Default test -->
